Arguments: 
  /opt/homebrew/Cellar/node/19.8.1/bin/node /opt/homebrew/bin/yarn add @nest/config

PATH: 
  /Users/eneko/.pnpm/store:/Users/eneko/.bun/bin:/Users/eneko/Development/flutter/bin:/opt/homebrew/bin:/opt/homebrew/sbin:/usr/local/bin:/System/Cryptexes/App/usr/bin:/usr/bin:/bin:/usr/sbin:/sbin:/usr/local/go/bin:/usr/local/share/dotnet:~/.dotnet/tools:/Library/Apple/usr/bin:/Users/eneko/.pnpm/store:/Users/eneko/.bun/bin:/Users/eneko/Development/flutter/bin:/opt/homebrew/bin:/opt/homebrew/sbin:/Users/eneko/.cargo/bin:/Applications/Visual Studio Code.app/Contents/Resources/app/bin:/Users/eneko/Library/Application Support/JetBrains/Toolbox/scripts:/Applications/Visual Studio Code.app/Contents/Resources/app/bin:/Users/eneko/Library/Application Support/JetBrains/Toolbox/scripts

Yarn version: 
  1.22.19

Node version: 
  19.8.1

Platform: 
  darwin arm64

Trace: 
  Error: https://registry.yarnpkg.com/@nest%2fconfig: Not found
      at params.callback [as _callback] (/opt/homebrew/lib/node_modules/yarn/lib/cli.js:66145:18)
      at self.callback (/opt/homebrew/lib/node_modules/yarn/lib/cli.js:140890:22)
      at Request.emit (node:events:512:28)
      at Request.<anonymous> (/opt/homebrew/lib/node_modules/yarn/lib/cli.js:141862:10)
      at Request.emit (node:events:512:28)
      at IncomingMessage.<anonymous> (/opt/homebrew/lib/node_modules/yarn/lib/cli.js:141784:12)
      at Object.onceWrapper (node:events:626:28)
      at IncomingMessage.emit (node:events:524:35)
      at endReadableNT (node:internal/streams/readable:1359:12)
      at process.processTicksAndRejections (node:internal/process/task_queues:82:21)

npm manifest: 
  No manifest

yarn manifest: 
  No manifest

Lockfile: 
  No lockfile
